<?xml version="1.0" encoding="UTF-8"?>
<!-- Generated by org.testng.reporters.JUnitXMLReporter -->
<testsuite hostname="VDAASW709179" name="Free CRM pp Test Cases" tests="3" failures="1" timestamp="4 Apr 2019 13:23:50 GMT" time="56.006" errors="0">
  <testcase name="loginPageTitleTest" time="0.513" classname="com.crm.qa.testcases.LoginPageTest">
    <failure type="java.lang.AssertionError" message="expected [Free CRM software in the cloud] but found [Free CRM software for customer relationship management in the cloud]">
      <![CDATA[java.lang.AssertionError: expected [Free CRM software in the cloud] but found [Free CRM software for customer relationship management in the cloud]
	at com.crm.qa.testcases.LoginPageTest.loginPageTitleTest(LoginPageTest.java:35)
... Removed 29 stack frames]]>
    </failure>
  </testcase> <!-- loginPageTitleTest -->
  <testcase name="crmLogoTest" time="0.38" classname="com.crm.qa.testcases.LoginPageTest"/>
  <testcase name="loginPageTest" time="6.584" classname="com.crm.qa.testcases.LoginPageTest"/>
</testsuite> <!-- Free CRM pp Test Cases -->
